# JRE version: Java(TM) SE Runtime Environment (15.0.2+7) (build 15.0.2+7-27)
# Java VM: Java HotSpot(TM) 64-Bit Server VM (15.0.2+7-27, mixed mode, sharing, tiered, compressed oops, g1 gc, windows-amd64)
GC Precious Log:
 CPUs: 8 total, 8 available
 Memory: 7778M
 Large Page Support: Disabled
 NUMA Support: Disabled
 Compressed Oops: Enabled (32-bit)
 Heap Region Size: 1M
 Heap Min Capacity: 256M
 Heap Initial Capacity: 256M
 Heap Max Capacity: 512M
 Pre-touch: Disabled
 Parallel Workers: 8
 Concurrent Workers: 2
 Concurrent Refinement Workers: 8
 Periodic GC: Disabled
Heap:
 garbage-first heap   total 262144K, used 127399K [0x00000000e0000000, 0x0000000100000000)
  region size 1024K, 70 young (71680K), 11 survivors (11264K)
 Metaspace       used 69554K, capacity 71438K, committed 71600K, reserved 317440K
  class space    used 8983K, capacity 9631K, committed 9728K, reserved 253952K
GC Heap History (14 events):
Event: 0.639 GC heap before
{Heap before GC invocations=0 (full 0):
 garbage-first heap   total 262144K, used 28672K [0x00000000e0000000, 0x0000000100000000)
  region size 1024K, 23 young (23552K), 0 survivors (0K)
 Metaspace       used 3851K, capacity 6469K, committed 6656K, reserved 262144K
  class space    used 472K, capacity 727K, committed 768K, reserved 253952K
}
Event: 0.642 GC heap after
{Heap after GC invocations=1 (full 0):
 garbage-first heap   total 262144K, used 8540K [0x00000000e0000000, 0x0000000100000000)
  region size 1024K, 3 young (3072K), 3 survivors (3072K)
 Metaspace       used 3851K, capacity 6469K, committed 6656K, reserved 262144K
  class space    used 472K, capacity 727K, committed 768K, reserved 253952K
}
Event: 0.953 GC heap before
{Heap before GC invocations=1 (full 0):
 garbage-first heap   total 262144K, used 36188K [0x00000000e0000000, 0x0000000100000000)
  region size 1024K, 31 young (31744K), 3 survivors (3072K)
 Metaspace       used 4012K, capacity 6533K, committed 6656K, reserved 262144K
  class space    used 478K, capacity 727K, committed 768K, reserved 253952K
}
Event: 0.956 GC heap after
{Heap after GC invocations=2 (full 0):
 garbage-first heap   total 262144K, used 12697K [0x00000000e0000000, 0x0000000100000000)
  region size 1024K, 4 young (4096K), 4 survivors (4096K)
 Metaspace       used 4012K, capacity 6533K, committed 6656K, reserved 262144K
  class space    used 478K, capacity 727K, committed 768K, reserved 253952K
}
Event: 3.348 GC heap before
{Heap before GC invocations=2 (full 0):
 garbage-first heap   total 262144K, used 119193K [0x00000000e0000000, 0x0000000100000000)
  region size 1024K, 100 young (102400K), 4 survivors (4096K)
 Metaspace       used 20622K, capacity 21179K, committed 21296K, reserved 272384K
  class space    used 2972K, capacity 3175K, committed 3200K, reserved 253952K
}
Event: 3.373 GC heap after
{Heap after GC invocations=3 (full 0):
 garbage-first heap   total 262144K, used 29827K [0x00000000e0000000, 0x0000000100000000)
  region size 1024K, 12 young (12288K), 12 survivors (12288K)
 Metaspace       used 20622K, capacity 21179K, committed 21296K, reserved 272384K
  class space    used 2972K, capacity 3175K, committed 3200K, reserved 253952K
}
Event: 5.213 GC heap before
{Heap before GC invocations=4 (full 0):
 garbage-first heap   total 262144K, used 134275K [0x00000000e0000000, 0x0000000100000000)
  region size 1024K, 105 young (107520K), 12 survivors (12288K)
 Metaspace       used 34991K, capacity 35812K, committed 35888K, reserved 286720K
  class space    used 4635K, capacity 4918K, committed 4992K, reserved 253952K
}
Event: 5.224 GC heap after
{Heap after GC invocations=5 (full 0):
 garbage-first heap   total 262144K, used 46765K [0x00000000e0000000, 0x0000000100000000)
  region size 1024K, 18 young (18432K), 18 survivors (18432K)
 Metaspace       used 34991K, capacity 35812K, committed 35888K, reserved 286720K
  class space    used 4635K, capacity 4918K, committed 4992K, reserved 253952K
}
Event: 7.646 GC heap before
{Heap before GC invocations=6 (full 0):
 garbage-first heap   total 262144K, used 185005K [0x00000000e0000000, 0x0000000100000000)
  region size 1024K, 153 young (156672K), 18 survivors (18432K)
 Metaspace       used 47588K, capacity 48781K, committed 48944K, reserved 296960K
  class space    used 6438K, capacity 6775K, committed 6784K, reserved 253952K
}
Event: 7.663 GC heap after
{Heap after GC invocations=7 (full 0):
 garbage-first heap   total 262144K, used 57648K [0x00000000e0000000, 0x0000000100000000)
  region size 1024K, 20 young (20480K), 20 survivors (20480K)
 Metaspace       used 47588K, capacity 48781K, committed 48944K, reserved 296960K
  class space    used 6438K, capacity 6775K, committed 6784K, reserved 253952K
}
Event: 748.534 GC heap before
{Heap before GC invocations=7 (full 0):
 garbage-first heap   total 262144K, used 143664K [0x00000000e0000000, 0x0000000100000000)
  region size 1024K, 106 young (108544K), 20 survivors (20480K)
 Metaspace       used 58571K, capacity 60087K, committed 60208K, reserved 307200K
  class space    used 7760K, capacity 8226K, committed 8320K, reserved 253952K
}
Event: 748.551 GC heap after
{Heap after GC invocations=8 (full 0):
 garbage-first heap   total 262144K, used 66433K [0x00000000e0000000, 0x0000000100000000)
  region size 1024K, 9 young (9216K), 9 survivors (9216K)
 Metaspace       used 58571K, capacity 60087K, committed 60208K, reserved 307200K
  class space    used 7760K, capacity 8226K, committed 8320K, reserved 253952K
}
Event: 1505.991 GC heap before
{Heap before GC invocations=9 (full 0):
 garbage-first heap   total 262144K, used 198529K [0x00000000e0000000, 0x0000000100000000)
  region size 1024K, 139 young (142336K), 9 survivors (9216K)
 Metaspace       used 68712K, capacity 70578K, committed 70704K, reserved 315392K
  class space    used 8919K, capacity 9528K, committed 9600K, reserved 253952K
}
Event: 1506.003 GC heap after
{Heap after GC invocations=10 (full 0):
 garbage-first heap   total 262144K, used 69031K [0x00000000e0000000, 0x0000000100000000)
  region size 1024K, 11 young (11264K), 11 survivors (11264K)
 Metaspace       used 68712K, capacity 70578K, committed 70704K, reserved 315392K
  class space    used 8919K, capacity 9528K, committed 9600K, reserved 253952K
}

